<?xml version="1.0" encoding="UTF-8"?>
<TestRun id="52cb1e14-c3b4-4d2a-ae1d-47757cc262b8" name="sachi@DESKTOP-8EH292G 2018-03-07 16:16:52" runUser="DESKTOP-8EH292G\sachi" xmlns="http://microsoft.com/schemas/VisualStudio/TeamTest/2010">
  <TestSettings name="Default Test Settings" id="22505f8e-6aa0-4d32-8f4f-8fbd840d5120">
    <Execution>
      <TestTypeSpecific />
      <AgentRule name="Execution Agents">
      </AgentRule>
    </Execution>
    <Deployment runDeploymentRoot="sachi_DESKTOP-8EH292G 2018-03-07 16_16_52" />
    <Properties />
  </TestSettings>
  <Times creation="2018-03-07T16:16:52.7489231-08:00" queuing="2018-03-07T16:16:53.1178748-08:00" start="2018-03-07T16:16:53.2692931-08:00" finish="2018-03-07T16:16:53.5891283-08:00" />
  <ResultSummary outcome="Completed">
    <Counters total="3" executed="3" passed="3" error="0" failed="0" timeout="0" aborted="0" inconclusive="0" passedButRunAborted="0" notRunnable="0" notExecuted="0" disconnected="0" warning="0" completed="0" inProgress="0" pending="0" />
  </ResultSummary>
  <TestDefinitions>
    <UnitTest name="Add_Test_Method" storage="sample.witronix.business.test.dll" id="d974e894-3f8e-423a-a6d3-7f45ca69b3c7">
      <Execution id="04067969-5519-4fd6-96fa-154786754618" />
      <TestMethod codeBase="C:/Users/sachi/Downloads/Sample.WiTronix.Web (1)/Sample.WiTronix.Web/Sample.WiTronix.Business.Test/bin/Debug/Sample.WiTronix.Business.Test.dll" adapterTypeName="Microsoft.VisualStudio.TestTools.TestTypes.Unit.UnitTestAdapter, Microsoft.VisualStudio.QualityTools.Tips.UnitTest.Adapter, Version=15.0.0.0, Culture=neutral, PublicKeyToken=b03f5f7f11d50a3a" className="Sample.WiTronix.Business.Test.UnitTest1, Sample.WiTronix.Business.Test, Version=1.0.0.0, Culture=neutral, PublicKeyToken=null" name="Add_Test_Method" />
    </UnitTest>
    <UnitTest name="Sub_Test_Method1" storage="sample.witronix.business.test.dll" id="51c85958-6bc1-a50d-b1f3-f344e115d05a">
      <Execution id="3f997698-98ac-4ebf-9fea-52ae8d02fcd8" />
      <TestMethod codeBase="C:/Users/sachi/Downloads/Sample.WiTronix.Web (1)/Sample.WiTronix.Web/Sample.WiTronix.Business.Test/bin/Debug/Sample.WiTronix.Business.Test.dll" adapterTypeName="Microsoft.VisualStudio.TestTools.TestTypes.Unit.UnitTestAdapter, Microsoft.VisualStudio.QualityTools.Tips.UnitTest.Adapter, Version=15.0.0.0, Culture=neutral, PublicKeyToken=b03f5f7f11d50a3a" className="Sample.WiTronix.Business.Test.UnitTest1, Sample.WiTronix.Business.Test, Version=1.0.0.0, Culture=neutral, PublicKeyToken=null" name="Sub_Test_Method1" />
    </UnitTest>
    <UnitTest name="Sub_Test_Method2" storage="sample.witronix.business.test.dll" id="03a92b9a-5792-f6bc-efd3-a89babea7d01">
      <Execution id="2a80cddf-9e3f-497b-a323-a9ed37353c17" />
      <TestMethod codeBase="C:/Users/sachi/Downloads/Sample.WiTronix.Web (1)/Sample.WiTronix.Web/Sample.WiTronix.Business.Test/bin/Debug/Sample.WiTronix.Business.Test.dll" adapterTypeName="Microsoft.VisualStudio.TestTools.TestTypes.Unit.UnitTestAdapter, Microsoft.VisualStudio.QualityTools.Tips.UnitTest.Adapter, Version=15.0.0.0, Culture=neutral, PublicKeyToken=b03f5f7f11d50a3a" className="Sample.WiTronix.Business.Test.UnitTest1, Sample.WiTronix.Business.Test, Version=1.0.0.0, Culture=neutral, PublicKeyToken=null" name="Sub_Test_Method2" />
    </UnitTest>
  </TestDefinitions>
  <TestLists>
    <TestList name="Results Not in a List" id="8c84fa94-04c1-424b-9868-57a2d4851a1d" />
    <TestList name="All Loaded Results" id="19431567-8539-422a-85d7-44ee4e166bda" />
  </TestLists>
  <TestEntries>
    <TestEntry testId="d974e894-3f8e-423a-a6d3-7f45ca69b3c7" executionId="04067969-5519-4fd6-96fa-154786754618" testListId="8c84fa94-04c1-424b-9868-57a2d4851a1d" />
    <TestEntry testId="51c85958-6bc1-a50d-b1f3-f344e115d05a" executionId="3f997698-98ac-4ebf-9fea-52ae8d02fcd8" testListId="8c84fa94-04c1-424b-9868-57a2d4851a1d" />
    <TestEntry testId="03a92b9a-5792-f6bc-efd3-a89babea7d01" executionId="2a80cddf-9e3f-497b-a323-a9ed37353c17" testListId="8c84fa94-04c1-424b-9868-57a2d4851a1d" />
  </TestEntries>
  <Results>
    <UnitTestResult executionId="04067969-5519-4fd6-96fa-154786754618" testId="d974e894-3f8e-423a-a6d3-7f45ca69b3c7" testName="Add_Test_Method" computerName="DESKTOP-8EH292G" duration="00:00:00.0193449" startTime="2018-03-07T16:16:53.2863379-08:00" endTime="2018-03-07T16:16:53.5204553-08:00" testType="13cdc9d9-ddb5-4fa4-a97d-d965ccfc6d4b" outcome="Passed" testListId="8c84fa94-04c1-424b-9868-57a2d4851a1d" relativeResultsDirectory="04067969-5519-4fd6-96fa-154786754618">
    </UnitTestResult>
    <UnitTestResult executionId="3f997698-98ac-4ebf-9fea-52ae8d02fcd8" testId="51c85958-6bc1-a50d-b1f3-f344e115d05a" testName="Sub_Test_Method1" computerName="DESKTOP-8EH292G" duration="00:00:00.0005292" startTime="2018-03-07T16:16:53.5435236-08:00" endTime="2018-03-07T16:16:53.5460152-08:00" testType="13cdc9d9-ddb5-4fa4-a97d-d965ccfc6d4b" outcome="Passed" testListId="8c84fa94-04c1-424b-9868-57a2d4851a1d" relativeResultsDirectory="3f997698-98ac-4ebf-9fea-52ae8d02fcd8">
    </UnitTestResult>
    <UnitTestResult executionId="2a80cddf-9e3f-497b-a323-a9ed37353c17" testId="03a92b9a-5792-f6bc-efd3-a89babea7d01" testName="Sub_Test_Method2" computerName="DESKTOP-8EH292G" duration="00:00:00.0003914" startTime="2018-03-07T16:16:53.5485212-08:00" endTime="2018-03-07T16:16:53.5500636-08:00" testType="13cdc9d9-ddb5-4fa4-a97d-d965ccfc6d4b" outcome="Passed" testListId="8c84fa94-04c1-424b-9868-57a2d4851a1d" relativeResultsDirectory="2a80cddf-9e3f-497b-a323-a9ed37353c17">
    </UnitTestResult>
  </Results>
</TestRun>