<?xml version="1.0" encoding="UTF-8"?>
<TestRun id="e5fe22a1-67a2-47e0-8bc6-8351ddf338be" name="sachi@DESKTOP-8EH292G 2018-03-07 15:22:44" runUser="DESKTOP-8EH292G\sachi" xmlns="http://microsoft.com/schemas/VisualStudio/TeamTest/2010">
  <TestSettings name="Default Test Settings" id="c42c5a30-c885-404b-a93f-a8a5ff4091b0">
    <Execution>
      <TestTypeSpecific />
      <AgentRule name="Execution Agents">
      </AgentRule>
    </Execution>
    <Deployment runDeploymentRoot="sachi_DESKTOP-8EH292G 2018-03-07 15_22_44" />
    <Properties />
  </TestSettings>
  <Times creation="2018-03-07T15:22:44.7520656-08:00" queuing="2018-03-07T15:22:45.1582636-08:00" start="2018-03-07T15:22:45.3146831-08:00" finish="2018-03-07T15:22:45.6275140-08:00" />
  <ResultSummary outcome="Completed">
    <Counters total="3" executed="3" passed="3" error="0" failed="0" timeout="0" aborted="0" inconclusive="0" passedButRunAborted="0" notRunnable="0" notExecuted="0" disconnected="0" warning="0" completed="0" inProgress="0" pending="0" />
  </ResultSummary>
  <TestDefinitions>
    <UnitTest name="Add_Test_Method" storage="sample.witronix.business.test.dll" id="d974e894-3f8e-423a-a6d3-7f45ca69b3c7">
      <Execution id="37910fec-e8e9-472b-913f-8c2042e99821" />
      <TestMethod codeBase="C:/Users/sachi/Downloads/Sample.WiTronix.Web (1)/Sample.WiTronix.Web/Sample.WiTronix.Business.Test/bin/Debug/Sample.WiTronix.Business.Test.dll" adapterTypeName="Microsoft.VisualStudio.TestTools.TestTypes.Unit.UnitTestAdapter, Microsoft.VisualStudio.QualityTools.Tips.UnitTest.Adapter, Version=15.0.0.0, Culture=neutral, PublicKeyToken=b03f5f7f11d50a3a" className="Sample.WiTronix.Business.Test.UnitTest1, Sample.WiTronix.Business.Test, Version=1.0.0.0, Culture=neutral, PublicKeyToken=null" name="Add_Test_Method" />
    </UnitTest>
    <UnitTest name="Sub_Test_Method1" storage="sample.witronix.business.test.dll" id="51c85958-6bc1-a50d-b1f3-f344e115d05a">
      <Execution id="4df9fa23-ec29-4229-ab53-4a03720912f1" />
      <TestMethod codeBase="C:/Users/sachi/Downloads/Sample.WiTronix.Web (1)/Sample.WiTronix.Web/Sample.WiTronix.Business.Test/bin/Debug/Sample.WiTronix.Business.Test.dll" adapterTypeName="Microsoft.VisualStudio.TestTools.TestTypes.Unit.UnitTestAdapter, Microsoft.VisualStudio.QualityTools.Tips.UnitTest.Adapter, Version=15.0.0.0, Culture=neutral, PublicKeyToken=b03f5f7f11d50a3a" className="Sample.WiTronix.Business.Test.UnitTest1, Sample.WiTronix.Business.Test, Version=1.0.0.0, Culture=neutral, PublicKeyToken=null" name="Sub_Test_Method1" />
    </UnitTest>
    <UnitTest name="Sub_Test_Method2" storage="sample.witronix.business.test.dll" id="03a92b9a-5792-f6bc-efd3-a89babea7d01">
      <Execution id="82e44394-a9ba-4de4-a5ce-b3e8ea015958" />
      <TestMethod codeBase="C:/Users/sachi/Downloads/Sample.WiTronix.Web (1)/Sample.WiTronix.Web/Sample.WiTronix.Business.Test/bin/Debug/Sample.WiTronix.Business.Test.dll" adapterTypeName="Microsoft.VisualStudio.TestTools.TestTypes.Unit.UnitTestAdapter, Microsoft.VisualStudio.QualityTools.Tips.UnitTest.Adapter, Version=15.0.0.0, Culture=neutral, PublicKeyToken=b03f5f7f11d50a3a" className="Sample.WiTronix.Business.Test.UnitTest1, Sample.WiTronix.Business.Test, Version=1.0.0.0, Culture=neutral, PublicKeyToken=null" name="Sub_Test_Method2" />
    </UnitTest>
  </TestDefinitions>
  <TestLists>
    <TestList name="Results Not in a List" id="8c84fa94-04c1-424b-9868-57a2d4851a1d" />
    <TestList name="All Loaded Results" id="19431567-8539-422a-85d7-44ee4e166bda" />
  </TestLists>
  <TestEntries>
    <TestEntry testId="d974e894-3f8e-423a-a6d3-7f45ca69b3c7" executionId="37910fec-e8e9-472b-913f-8c2042e99821" testListId="8c84fa94-04c1-424b-9868-57a2d4851a1d" />
    <TestEntry testId="51c85958-6bc1-a50d-b1f3-f344e115d05a" executionId="4df9fa23-ec29-4229-ab53-4a03720912f1" testListId="8c84fa94-04c1-424b-9868-57a2d4851a1d" />
    <TestEntry testId="03a92b9a-5792-f6bc-efd3-a89babea7d01" executionId="82e44394-a9ba-4de4-a5ce-b3e8ea015958" testListId="8c84fa94-04c1-424b-9868-57a2d4851a1d" />
  </TestEntries>
  <Results>
    <UnitTestResult executionId="37910fec-e8e9-472b-913f-8c2042e99821" testId="d974e894-3f8e-423a-a6d3-7f45ca69b3c7" testName="Add_Test_Method" computerName="DESKTOP-8EH292G" duration="00:00:00.0195371" startTime="2018-03-07T15:22:45.3146831-08:00" endTime="2018-03-07T15:22:45.5648485-08:00" testType="13cdc9d9-ddb5-4fa4-a97d-d965ccfc6d4b" outcome="Passed" testListId="8c84fa94-04c1-424b-9868-57a2d4851a1d" relativeResultsDirectory="37910fec-e8e9-472b-913f-8c2042e99821">
    </UnitTestResult>
    <UnitTestResult executionId="4df9fa23-ec29-4229-ab53-4a03720912f1" testId="51c85958-6bc1-a50d-b1f3-f344e115d05a" testName="Sub_Test_Method1" computerName="DESKTOP-8EH292G" duration="00:00:00.0005557" startTime="2018-03-07T15:22:45.5808781-08:00" endTime="2018-03-07T15:22:45.5808781-08:00" testType="13cdc9d9-ddb5-4fa4-a97d-d965ccfc6d4b" outcome="Passed" testListId="8c84fa94-04c1-424b-9868-57a2d4851a1d" relativeResultsDirectory="4df9fa23-ec29-4229-ab53-4a03720912f1">
    </UnitTestResult>
    <UnitTestResult executionId="82e44394-a9ba-4de4-a5ce-b3e8ea015958" testId="03a92b9a-5792-f6bc-efd3-a89babea7d01" testName="Sub_Test_Method2" computerName="DESKTOP-8EH292G" duration="00:00:00.0003723" startTime="2018-03-07T15:22:45.5954328-08:00" endTime="2018-03-07T15:22:45.5954328-08:00" testType="13cdc9d9-ddb5-4fa4-a97d-d965ccfc6d4b" outcome="Passed" testListId="8c84fa94-04c1-424b-9868-57a2d4851a1d" relativeResultsDirectory="82e44394-a9ba-4de4-a5ce-b3e8ea015958">
    </UnitTestResult>
  </Results>
</TestRun>